{"C:\\Users\\akhil\\Desktop\\pretty-little-thing\\App.tsx": {"path":"C:\\Users\\akhil\\Desktop\\pretty-little-thing\\App.tsx","statementMap":{"0":{"start":{"line":15,"column":14},"end":{"line":15,"column":42}},"1":{"start":{"line":18,"column":21},"end":{"line":18,"column":48}},"2":{"start":{"line":20,"column":26},"end":{"line":22,"column":3}},"3":{"start":{"line":24,"column":2},"end":{"line":37,"column":4}}},"fnMap":{"0":{"name":"App","decl":{"start":{"line":17,"column":9},"end":{"line":17,"column":12}},"loc":{"start":{"line":17,"column":28},"end":{"line":38,"column":1}},"line":17}},"branchMap":{"0":{"loc":{"start":{"line":21,"column":21},"end":{"line":21,"column":64}},"type":"cond-expr","locations":[{"start":{"line":21,"column":34},"end":{"line":21,"column":47}},{"start":{"line":21,"column":50},"end":{"line":21,"column":64}}],"line":21},"1":{"loc":{"start":{"line":27,"column":18},"end":{"line":27,"column":63}},"type":"cond-expr","locations":[{"start":{"line":27,"column":31},"end":{"line":27,"column":46}},{"start":{"line":27,"column":49},"end":{"line":27,"column":63}}],"line":27}},"s":{"0":0,"1":0,"2":0,"3":0},"f":{"0":0},"b":{"0":[0,0],"1":[0,0]}}
,"C:\\Users\\akhil\\Desktop\\pretty-little-thing\\__tests__\\App.tsx": {"path":"C:\\Users\\akhil\\Desktop\\pretty-little-thing\\__tests__\\App.tsx","statementMap":{"0":{"start":{"line":12,"column":0},"end":{"line":14,"column":3}},"1":{"start":{"line":13,"column":2},"end":{"line":13,"column":27}}},"fnMap":{"0":{"name":"(anonymous_0)","decl":{"start":{"line":12,"column":24},"end":{"line":12,"column":25}},"loc":{"start":{"line":12,"column":30},"end":{"line":14,"column":1}},"line":12}},"branchMap":{},"s":{"0":0,"1":0},"f":{"0":0},"b":{}}
,"C:\\Users\\akhil\\Desktop\\pretty-little-thing\\src\\core-hooks.ts": {"path":"C:\\Users\\akhil\\Desktop\\pretty-little-thing\\src\\core-hooks.ts","statementMap":{"0":{"start":{"line":12,"column":30},"end":{"line":13,"column":62}},"1":{"start":{"line":13,"column":2},"end":{"line":13,"column":62}},"2":{"start":{"line":16,"column":2},"end":{"line":16,"column":13}}},"fnMap":{"0":{"name":"(anonymous_0)","decl":{"start":{"line":12,"column":30},"end":{"line":12,"column":31}},"loc":{"start":{"line":13,"column":2},"end":{"line":13,"column":62}},"line":13}},"branchMap":{},"s":{"0":1,"1":2,"2":1},"f":{"0":2},"b":{},"_coverageSchema":"1a1c01bbd47fc00a2c39e90264f33305004495a9","hash":"27c6e57a5c4d523b27d9a82704f8e624821fdf42"}
,"C:\\Users\\akhil\\Desktop\\pretty-little-thing\\src\\store.ts": {"path":"C:\\Users\\akhil\\Desktop\\pretty-little-thing\\src\\store.ts","statementMap":{"0":{"start":{"line":6,"column":21},"end":{"line":12,"column":2}}},"fnMap":{},"branchMap":{},"s":{"0":7},"f":{},"b":{},"_coverageSchema":"1a1c01bbd47fc00a2c39e90264f33305004495a9","hash":"68624864769a3c38aee3165ca68c529635eef1f4"}
,"C:\\Users\\akhil\\Desktop\\pretty-little-thing\\src\\Components\\AddRemoveItem.tsx": {"path":"C:\\Users\\akhil\\Desktop\\pretty-little-thing\\src\\Components\\AddRemoveItem.tsx","statementMap":{"0":{"start":{"line":11,"column":22},"end":{"line":33,"column":1}},"1":{"start":{"line":17,"column":2},"end":{"line":32,"column":4}},"2":{"start":{"line":35,"column":15},"end":{"line":58,"column":2}}},"fnMap":{"0":{"name":"(anonymous_0)","decl":{"start":{"line":11,"column":22},"end":{"line":11,"column":23}},"loc":{"start":{"line":16,"column":39},"end":{"line":33,"column":1}},"line":16}},"branchMap":{},"s":{"0":7,"1":5,"2":7},"f":{"0":5},"b":{},"_coverageSchema":"1a1c01bbd47fc00a2c39e90264f33305004495a9","hash":"eef258a0eeae6851b9bace8e2941307f49de8ab7"}
,"C:\\Users\\akhil\\Desktop\\pretty-little-thing\\src\\Components\\CartItem.tsx": {"path":"C:\\Users\\akhil\\Desktop\\pretty-little-thing\\src\\Components\\CartItem.tsx","statementMap":{"0":{"start":{"line":8,"column":24},"end":{"line":62,"column":1}},"1":{"start":{"line":9,"column":23},"end":{"line":9,"column":87}},"2":{"start":{"line":9,"column":67},"end":{"line":9,"column":80}},"3":{"start":{"line":11,"column":19},"end":{"line":11,"column":35}},"4":{"start":{"line":13,"column":26},"end":{"line":15,"column":3}},"5":{"start":{"line":14,"column":4},"end":{"line":14,"column":70}},"6":{"start":{"line":17,"column":31},"end":{"line":19,"column":3}},"7":{"start":{"line":18,"column":4},"end":{"line":18,"column":75}},"8":{"start":{"line":21,"column":2},"end":{"line":61,"column":4}},"9":{"start":{"line":33,"column":14},"end":{"line":56,"column":22}},"10":{"start":{"line":50,"column":40},"end":{"line":50,"column":64}},"11":{"start":{"line":51,"column":43},"end":{"line":51,"column":72}}},"fnMap":{"0":{"name":"(anonymous_0)","decl":{"start":{"line":8,"column":24},"end":{"line":8,"column":25}},"loc":{"start":{"line":8,"column":53},"end":{"line":62,"column":1}},"line":8},"1":{"name":"(anonymous_1)","decl":{"start":{"line":9,"column":38},"end":{"line":9,"column":39}},"loc":{"start":{"line":9,"column":67},"end":{"line":9,"column":80}},"line":9},"2":{"name":"(anonymous_2)","decl":{"start":{"line":13,"column":26},"end":{"line":13,"column":27}},"loc":{"start":{"line":13,"column":39},"end":{"line":15,"column":3}},"line":13},"3":{"name":"(anonymous_3)","decl":{"start":{"line":17,"column":31},"end":{"line":17,"column":32}},"loc":{"start":{"line":17,"column":44},"end":{"line":19,"column":3}},"line":17},"4":{"name":"(anonymous_4)","decl":{"start":{"line":26,"column":12},"end":{"line":26,"column":13}},"loc":{"start":{"line":33,"column":14},"end":{"line":56,"column":22}},"line":33},"5":{"name":"(anonymous_5)","decl":{"start":{"line":50,"column":34},"end":{"line":50,"column":35}},"loc":{"start":{"line":50,"column":40},"end":{"line":50,"column":64}},"line":50},"6":{"name":"(anonymous_6)","decl":{"start":{"line":51,"column":37},"end":{"line":51,"column":38}},"loc":{"start":{"line":51,"column":43},"end":{"line":51,"column":72}},"line":51}},"branchMap":{"0":{"loc":{"start":{"line":9,"column":23},"end":{"line":9,"column":87}},"type":"binary-expr","locations":[{"start":{"line":9,"column":23},"end":{"line":9,"column":81}},{"start":{"line":9,"column":85},"end":{"line":9,"column":87}}],"line":9},"1":{"loc":{"start":{"line":23,"column":7},"end":{"line":59,"column":7}},"type":"binary-expr","locations":[{"start":{"line":23,"column":7},"end":{"line":23,"column":27}},{"start":{"line":24,"column":8},"end":{"line":58,"column":11}}],"line":23},"2":{"loc":{"start":{"line":33,"column":14},"end":{"line":56,"column":22}},"type":"cond-expr","locations":[{"start":{"line":34,"column":16},"end":{"line":55,"column":23}},{"start":{"line":56,"column":18},"end":{"line":56,"column":22}}],"line":33}},"s":{"0":3,"1":6,"2":0,"3":6,"4":6,"5":1,"6":6,"7":1,"8":6,"9":8,"10":1,"11":1},"f":{"0":6,"1":0,"2":1,"3":1,"4":8,"5":1,"6":1},"b":{"0":[6,1],"1":[6,2],"2":[2,6]},"_coverageSchema":"1a1c01bbd47fc00a2c39e90264f33305004495a9","hash":"3878c09ffb0b952421614ab60999378f393569c5"}
,"C:\\Users\\akhil\\Desktop\\pretty-little-thing\\src\\Components\\CartItems.tsx": {"path":"C:\\Users\\akhil\\Desktop\\pretty-little-thing\\src\\Components\\CartItems.tsx","statementMap":{"0":{"start":{"line":15,"column":18},"end":{"line":36,"column":1}},"1":{"start":{"line":16,"column":31},"end":{"line":16,"column":86}},"2":{"start":{"line":16,"column":75},"end":{"line":16,"column":85}},"3":{"start":{"line":18,"column":19},"end":{"line":18,"column":35}},"4":{"start":{"line":20,"column":2},"end":{"line":20,"column":70}},"5":{"start":{"line":20,"column":45},"end":{"line":20,"column":70}},"6":{"start":{"line":22,"column":2},"end":{"line":35,"column":4}},"7":{"start":{"line":27,"column":61},"end":{"line":27,"column":89}},"8":{"start":{"line":40,"column":22},"end":{"line":67,"column":2}}},"fnMap":{"0":{"name":"(anonymous_0)","decl":{"start":{"line":15,"column":18},"end":{"line":15,"column":19}},"loc":{"start":{"line":15,"column":24},"end":{"line":36,"column":1}},"line":15},"1":{"name":"(anonymous_1)","decl":{"start":{"line":16,"column":46},"end":{"line":16,"column":47}},"loc":{"start":{"line":16,"column":75},"end":{"line":16,"column":85}},"line":16},"2":{"name":"(anonymous_2)","decl":{"start":{"line":27,"column":47},"end":{"line":27,"column":48}},"loc":{"start":{"line":27,"column":61},"end":{"line":27,"column":89}},"line":27}},"branchMap":{"0":{"loc":{"start":{"line":20,"column":2},"end":{"line":20,"column":70}},"type":"if","locations":[{"start":{"line":20,"column":2},"end":{"line":20,"column":70}},{"start":{},"end":{}}],"line":20},"1":{"loc":{"start":{"line":20,"column":6},"end":{"line":20,"column":43}},"type":"binary-expr","locations":[{"start":{"line":20,"column":6},"end":{"line":20,"column":29}},{"start":{"line":20,"column":33},"end":{"line":20,"column":43}}],"line":20}},"s":{"0":3,"1":2,"2":0,"3":2,"4":2,"5":0,"6":2,"7":3,"8":3},"f":{"0":2,"1":0,"2":3},"b":{"0":[0,2],"1":[2,2]},"_coverageSchema":"1a1c01bbd47fc00a2c39e90264f33305004495a9","hash":"09259d04d2d435838f518cf1864fcedbdbe58d3e"}
,"C:\\Users\\akhil\\Desktop\\pretty-little-thing\\src\\Components\\ProductItem.tsx": {"path":"C:\\Users\\akhil\\Desktop\\pretty-little-thing\\src\\Components\\ProductItem.tsx","statementMap":{"0":{"start":{"line":10,"column":27},"end":{"line":65,"column":1}},"1":{"start":{"line":11,"column":24},"end":{"line":11,"column":79}},"2":{"start":{"line":11,"column":68},"end":{"line":11,"column":78}},"3":{"start":{"line":13,"column":21},"end":{"line":13,"column":74}},"4":{"start":{"line":13,"column":53},"end":{"line":13,"column":73}},"5":{"start":{"line":14,"column":20},"end":{"line":14,"column":78}},"6":{"start":{"line":14,"column":57},"end":{"line":14,"column":77}},"7":{"start":{"line":15,"column":19},"end":{"line":15,"column":35}},"8":{"start":{"line":16,"column":2},"end":{"line":64,"column":4}},"9":{"start":{"line":48,"column":30},"end":{"line":48,"column":58}},"10":{"start":{"line":49,"column":33},"end":{"line":49,"column":66}},"11":{"start":{"line":57,"column":27},"end":{"line":57,"column":55}}},"fnMap":{"0":{"name":"(anonymous_0)","decl":{"start":{"line":10,"column":27},"end":{"line":10,"column":28}},"loc":{"start":{"line":10,"column":79},"end":{"line":65,"column":1}},"line":10},"1":{"name":"(anonymous_1)","decl":{"start":{"line":11,"column":39},"end":{"line":11,"column":40}},"loc":{"start":{"line":11,"column":68},"end":{"line":11,"column":78}},"line":11},"2":{"name":"(anonymous_2)","decl":{"start":{"line":13,"column":36},"end":{"line":13,"column":37}},"loc":{"start":{"line":13,"column":53},"end":{"line":13,"column":73}},"line":13},"3":{"name":"(anonymous_3)","decl":{"start":{"line":14,"column":40},"end":{"line":14,"column":41}},"loc":{"start":{"line":14,"column":57},"end":{"line":14,"column":77}},"line":14},"4":{"name":"(anonymous_4)","decl":{"start":{"line":48,"column":24},"end":{"line":48,"column":25}},"loc":{"start":{"line":48,"column":30},"end":{"line":48,"column":58}},"line":48},"5":{"name":"(anonymous_5)","decl":{"start":{"line":49,"column":27},"end":{"line":49,"column":28}},"loc":{"start":{"line":49,"column":33},"end":{"line":49,"column":66}},"line":49},"6":{"name":"(anonymous_6)","decl":{"start":{"line":57,"column":21},"end":{"line":57,"column":22}},"loc":{"start":{"line":57,"column":27},"end":{"line":57,"column":55}},"line":57}},"branchMap":{"0":{"loc":{"start":{"line":45,"column":9},"end":{"line":61,"column":9}},"type":"cond-expr","locations":[{"start":{"line":47,"column":10},"end":{"line":51,"column":12}},{"start":{"line":54,"column":10},"end":{"line":60,"column":22}}],"line":45}},"s":{"0":3,"1":4,"2":0,"3":4,"4":7,"5":4,"6":7,"7":4,"8":4,"9":0,"10":0,"11":0},"f":{"0":4,"1":0,"2":7,"3":7,"4":0,"5":0,"6":0},"b":{"0":[2,2]},"_coverageSchema":"1a1c01bbd47fc00a2c39e90264f33305004495a9","hash":"6f3f5a0d4a393dede27e09dc395440cfcaae8393"}
,"C:\\Users\\akhil\\Desktop\\pretty-little-thing\\src\\Components\\Products.tsx": {"path":"C:\\Users\\akhil\\Desktop\\pretty-little-thing\\src\\Components\\Products.tsx","statementMap":{"0":{"start":{"line":19,"column":17},"end":{"line":32,"column":1}},"1":{"start":{"line":20,"column":23},"end":{"line":20,"column":81}},"2":{"start":{"line":20,"column":67},"end":{"line":20,"column":80}},"3":{"start":{"line":21,"column":19},"end":{"line":21,"column":35}},"4":{"start":{"line":23,"column":2},"end":{"line":25,"column":9}},"5":{"start":{"line":24,"column":4},"end":{"line":24,"column":28}},"6":{"start":{"line":27,"column":2},"end":{"line":31,"column":4}},"7":{"start":{"line":29,"column":58},"end":{"line":29,"column":88}},"8":{"start":{"line":36,"column":22},"end":{"line":82,"column":2}}},"fnMap":{"0":{"name":"(anonymous_0)","decl":{"start":{"line":19,"column":17},"end":{"line":19,"column":18}},"loc":{"start":{"line":19,"column":23},"end":{"line":32,"column":1}},"line":19},"1":{"name":"(anonymous_1)","decl":{"start":{"line":20,"column":38},"end":{"line":20,"column":39}},"loc":{"start":{"line":20,"column":67},"end":{"line":20,"column":80}},"line":20},"2":{"name":"(anonymous_2)","decl":{"start":{"line":23,"column":12},"end":{"line":23,"column":13}},"loc":{"start":{"line":23,"column":18},"end":{"line":25,"column":3}},"line":23},"3":{"name":"(anonymous_3)","decl":{"start":{"line":29,"column":44},"end":{"line":29,"column":45}},"loc":{"start":{"line":29,"column":58},"end":{"line":29,"column":88}},"line":29}},"branchMap":{},"s":{"0":3,"1":5,"2":2,"3":5,"4":5,"5":5,"6":5,"7":4,"8":3},"f":{"0":5,"1":2,"2":5,"3":4},"b":{},"_coverageSchema":"1a1c01bbd47fc00a2c39e90264f33305004495a9","hash":"49a34a596da224a1db29c8b69725f8dfb8f4142c"}
,"C:\\Users\\akhil\\Desktop\\pretty-little-thing\\src\\Features\\Cart\\cartSlice.ts": {"path":"C:\\Users\\akhil\\Desktop\\pretty-little-thing\\src\\Features\\Cart\\cartSlice.ts","statementMap":{"0":{"start":{"line":13,"column":43},"end":{"line":16,"column":1}},"1":{"start":{"line":18,"column":25},"end":{"line":52,"column":2}},"2":{"start":{"line":23,"column":21},"end":{"line":23,"column":35}},"3":{"start":{"line":24,"column":27},"end":{"line":24,"column":73}},"4":{"start":{"line":24,"column":58},"end":{"line":24,"column":72}},"5":{"start":{"line":25,"column":18},"end":{"line":25,"column":29}},"6":{"start":{"line":26,"column":6},"end":{"line":30,"column":7}},"7":{"start":{"line":27,"column":8},"end":{"line":27,"column":32}},"8":{"start":{"line":29,"column":8},"end":{"line":29,"column":50}},"9":{"start":{"line":31,"column":6},"end":{"line":31,"column":36}},"10":{"start":{"line":32,"column":6},"end":{"line":32,"column":49}},"11":{"start":{"line":35,"column":24},"end":{"line":35,"column":86}},"12":{"start":{"line":35,"column":58},"end":{"line":35,"column":85}},"13":{"start":{"line":36,"column":6},"end":{"line":46,"column":7}},"14":{"start":{"line":37,"column":21},"end":{"line":37,"column":47}},"15":{"start":{"line":38,"column":20},"end":{"line":38,"column":31}},"16":{"start":{"line":39,"column":8},"end":{"line":43,"column":9}},"17":{"start":{"line":40,"column":10},"end":{"line":40,"column":47}},"18":{"start":{"line":42,"column":10},"end":{"line":42,"column":26}},"19":{"start":{"line":44,"column":8},"end":{"line":44,"column":38}},"20":{"start":{"line":45,"column":8},"end":{"line":45,"column":51}},"21":{"start":{"line":49,"column":6},"end":{"line":49,"column":35}},"22":{"start":{"line":54,"column":58},"end":{"line":54,"column":75}}},"fnMap":{"0":{"name":"(anonymous_0)","decl":{"start":{"line":22,"column":15},"end":{"line":22,"column":16}},"loc":{"start":{"line":22,"column":34},"end":{"line":33,"column":5}},"line":22},"1":{"name":"(anonymous_1)","decl":{"start":{"line":24,"column":48},"end":{"line":24,"column":49}},"loc":{"start":{"line":24,"column":58},"end":{"line":24,"column":72}},"line":24},"2":{"name":"(anonymous_2)","decl":{"start":{"line":34,"column":20},"end":{"line":34,"column":21}},"loc":{"start":{"line":34,"column":39},"end":{"line":47,"column":5}},"line":34},"3":{"name":"(anonymous_3)","decl":{"start":{"line":35,"column":50},"end":{"line":35,"column":51}},"loc":{"start":{"line":35,"column":58},"end":{"line":35,"column":85}},"line":35},"4":{"name":"(anonymous_4)","decl":{"start":{"line":48,"column":17},"end":{"line":48,"column":18}},"loc":{"start":{"line":48,"column":36},"end":{"line":50,"column":5}},"line":48}},"branchMap":{"0":{"loc":{"start":{"line":26,"column":6},"end":{"line":30,"column":7}},"type":"if","locations":[{"start":{"line":26,"column":6},"end":{"line":30,"column":7}},{"start":{"line":28,"column":13},"end":{"line":30,"column":7}}],"line":26},"1":{"loc":{"start":{"line":36,"column":6},"end":{"line":46,"column":7}},"type":"if","locations":[{"start":{"line":36,"column":6},"end":{"line":46,"column":7}},{"start":{},"end":{}}],"line":36},"2":{"loc":{"start":{"line":39,"column":8},"end":{"line":43,"column":9}},"type":"if","locations":[{"start":{"line":39,"column":8},"end":{"line":43,"column":9}},{"start":{"line":41,"column":15},"end":{"line":43,"column":9}}],"line":39}},"s":{"0":8,"1":8,"2":4,"3":4,"4":0,"5":4,"6":4,"7":0,"8":4,"9":4,"10":4,"11":1,"12":1,"13":1,"14":1,"15":1,"16":1,"17":1,"18":0,"19":1,"20":1,"21":0,"22":8},"f":{"0":4,"1":0,"2":1,"3":1,"4":0},"b":{"0":[0,4],"1":[1,0],"2":[1,0]},"_coverageSchema":"1a1c01bbd47fc00a2c39e90264f33305004495a9","hash":"610da20a36b7c01552fd440c5047dcd4db3e5f60"}
,"C:\\Users\\akhil\\Desktop\\pretty-little-thing\\src\\Features\\Product\\productSlice.ts": {"path":"C:\\Users\\akhil\\Desktop\\pretty-little-thing\\src\\Features\\Product\\productSlice.ts","statementMap":{"0":{"start":{"line":16,"column":50},"end":{"line":18,"column":1}},"1":{"start":{"line":20,"column":28},"end":{"line":28,"column":2}},"2":{"start":{"line":25,"column":6},"end":{"line":25,"column":38}},"3":{"start":{"line":30,"column":27},"end":{"line":38,"column":1}},"4":{"start":{"line":30,"column":38},"end":{"line":38,"column":1}},"5":{"start":{"line":31,"column":2},"end":{"line":37,"column":3}},"6":{"start":{"line":32,"column":16},"end":{"line":32,"column":97}},"7":{"start":{"line":33,"column":17},"end":{"line":33,"column":33}},"8":{"start":{"line":34,"column":4},"end":{"line":34,"column":35}},"9":{"start":{"line":36,"column":4},"end":{"line":36,"column":21}},"10":{"start":{"line":40,"column":34},"end":{"line":40,"column":54}}},"fnMap":{"0":{"name":"(anonymous_0)","decl":{"start":{"line":24,"column":20},"end":{"line":24,"column":21}},"loc":{"start":{"line":24,"column":39},"end":{"line":26,"column":5}},"line":24},"1":{"name":"(anonymous_1)","decl":{"start":{"line":30,"column":27},"end":{"line":30,"column":28}},"loc":{"start":{"line":30,"column":38},"end":{"line":38,"column":1}},"line":30},"2":{"name":"(anonymous_2)","decl":{"start":{"line":30,"column":38},"end":{"line":30,"column":39}},"loc":{"start":{"line":30,"column":71},"end":{"line":38,"column":1}},"line":30}},"branchMap":{},"s":{"0":8,"1":8,"2":1,"3":8,"4":5,"5":2,"6":2,"7":0,"8":0,"9":2,"10":8},"f":{"0":1,"1":5,"2":2},"b":{},"_coverageSchema":"1a1c01bbd47fc00a2c39e90264f33305004495a9","hash":"a1d7b62088d4db65357ff225a4f2f9c4a507eaeb"}
,"C:\\Users\\akhil\\Desktop\\pretty-little-thing\\src\\Screens\\Cart.tsx": {"path":"C:\\Users\\akhil\\Desktop\\pretty-little-thing\\src\\Screens\\Cart.tsx","statementMap":{"0":{"start":{"line":6,"column":13},"end":{"line":14,"column":1}},"1":{"start":{"line":7,"column":24},"end":{"line":7,"column":79}},"2":{"start":{"line":7,"column":68},"end":{"line":7,"column":78}},"3":{"start":{"line":9,"column":2},"end":{"line":13,"column":4}},"4":{"start":{"line":18,"column":15},"end":{"line":24,"column":2}}},"fnMap":{"0":{"name":"(anonymous_0)","decl":{"start":{"line":6,"column":13},"end":{"line":6,"column":14}},"loc":{"start":{"line":6,"column":19},"end":{"line":14,"column":1}},"line":6},"1":{"name":"(anonymous_1)","decl":{"start":{"line":7,"column":39},"end":{"line":7,"column":40}},"loc":{"start":{"line":7,"column":68},"end":{"line":7,"column":78}},"line":7}},"branchMap":{"0":{"loc":{"start":{"line":11,"column":7},"end":{"line":11,"column":72}},"type":"cond-expr","locations":[{"start":{"line":11,"column":30},"end":{"line":11,"column":43}},{"start":{"line":11,"column":46},"end":{"line":11,"column":72}}],"line":11}},"s":{"0":1,"1":1,"2":0,"3":1,"4":1},"f":{"0":1,"1":0},"b":{"0":[1,0]},"_coverageSchema":"1a1c01bbd47fc00a2c39e90264f33305004495a9","hash":"43a39da43c7c4f81f54bdd3942f44ed179617c0c"}
,"C:\\Users\\akhil\\Desktop\\pretty-little-thing\\src\\Screens\\Home.tsx": {"path":"C:\\Users\\akhil\\Desktop\\pretty-little-thing\\src\\Screens\\Home.tsx","statementMap":{"0":{"start":{"line":7,"column":13},"end":{"line":26,"column":1}},"1":{"start":{"line":8,"column":21},"end":{"line":8,"column":78}},"2":{"start":{"line":10,"column":2},"end":{"line":25,"column":4}},"3":{"start":{"line":19,"column":25},"end":{"line":19,"column":52}},"4":{"start":{"line":30,"column":15},"end":{"line":56,"column":2}}},"fnMap":{"0":{"name":"(anonymous_0)","decl":{"start":{"line":7,"column":13},"end":{"line":7,"column":14}},"loc":{"start":{"line":7,"column":32},"end":{"line":26,"column":1}},"line":7},"1":{"name":"(anonymous_1)","decl":{"start":{"line":19,"column":19},"end":{"line":19,"column":20}},"loc":{"start":{"line":19,"column":25},"end":{"line":19,"column":52}},"line":19}},"branchMap":{},"s":{"0":1,"1":2,"2":2,"3":1,"4":1},"f":{"0":2,"1":1},"b":{},"_coverageSchema":"1a1c01bbd47fc00a2c39e90264f33305004495a9","hash":"0d16656d106cf2ca5ac71aec0122dea45d05d319"}
,"C:\\Users\\akhil\\Desktop\\pretty-little-thing\\src\\mocks\\data.ts": {"path":"C:\\Users\\akhil\\Desktop\\pretty-little-thing\\src\\mocks\\data.ts","statementMap":{"0":{"start":{"line":1,"column":29},"end":{"line":4,"column":1}},"1":{"start":{"line":6,"column":28},"end":{"line":35,"column":1}}},"fnMap":{},"branchMap":{},"s":{"0":4,"1":4},"f":{},"b":{},"_coverageSchema":"1a1c01bbd47fc00a2c39e90264f33305004495a9","hash":"225a0d10a341d4053d44e98fd19cfc24808baf37"}
}
