TN:
SF:App.tsx
FN:17,App
FNF:1
FNH:0
FNDA:0,App
DA:15,0
DA:18,0
DA:20,0
DA:24,0
LF:4
LH:0
BRDA:21,0,0,0
BRDA:21,0,1,0
BRDA:27,1,0,0
BRDA:27,1,1,0
BRF:4
BRH:0
end_of_record
TN:
SF:__tests__\App.tsx
FN:12,(anonymous_0)
FNF:1
FNH:0
FNDA:0,(anonymous_0)
DA:12,0
DA:13,0
LF:2
LH:0
BRF:0
BRH:0
end_of_record
TN:
SF:src\core-hooks.ts
FN:12,(anonymous_0)
FNF:1
FNH:1
FNDA:2,(anonymous_0)
DA:12,1
DA:13,2
DA:16,1
LF:3
LH:3
BRF:0
BRH:0
end_of_record
TN:
SF:src\store.ts
FNF:0
FNH:0
DA:6,7
LF:1
LH:1
BRF:0
BRH:0
end_of_record
TN:
SF:src\Components\AddRemoveItem.tsx
FN:11,(anonymous_0)
FNF:1
FNH:1
FNDA:5,(anonymous_0)
DA:11,7
DA:17,5
DA:35,7
LF:3
LH:3
BRF:0
BRH:0
end_of_record
TN:
SF:src\Components\CartItem.tsx
FN:8,(anonymous_0)
FN:9,(anonymous_1)
FN:13,(anonymous_2)
FN:17,(anonymous_3)
FN:26,(anonymous_4)
FN:50,(anonymous_5)
FN:51,(anonymous_6)
FNF:7
FNH:6
FNDA:6,(anonymous_0)
FNDA:0,(anonymous_1)
FNDA:1,(anonymous_2)
FNDA:1,(anonymous_3)
FNDA:8,(anonymous_4)
FNDA:1,(anonymous_5)
FNDA:1,(anonymous_6)
DA:8,3
DA:9,6
DA:11,6
DA:13,6
DA:14,1
DA:17,6
DA:18,1
DA:21,6
DA:33,8
DA:50,1
DA:51,1
LF:11
LH:11
BRDA:9,0,0,6
BRDA:9,0,1,1
BRDA:23,1,0,6
BRDA:23,1,1,2
BRDA:33,2,0,2
BRDA:33,2,1,6
BRF:6
BRH:6
end_of_record
TN:
SF:src\Components\CartItems.tsx
FN:15,(anonymous_0)
FN:16,(anonymous_1)
FN:27,(anonymous_2)
FNF:3
FNH:2
FNDA:2,(anonymous_0)
FNDA:0,(anonymous_1)
FNDA:3,(anonymous_2)
DA:15,3
DA:16,2
DA:18,2
DA:20,2
DA:22,2
DA:27,3
DA:40,3
LF:7
LH:7
BRDA:20,0,0,0
BRDA:20,0,1,2
BRDA:20,1,0,2
BRDA:20,1,1,2
BRF:4
BRH:3
end_of_record
TN:
SF:src\Components\ProductItem.tsx
FN:10,(anonymous_0)
FN:11,(anonymous_1)
FN:13,(anonymous_2)
FN:14,(anonymous_3)
FN:48,(anonymous_4)
FN:49,(anonymous_5)
FN:57,(anonymous_6)
FNF:7
FNH:3
FNDA:4,(anonymous_0)
FNDA:0,(anonymous_1)
FNDA:7,(anonymous_2)
FNDA:7,(anonymous_3)
FNDA:0,(anonymous_4)
FNDA:0,(anonymous_5)
FNDA:0,(anonymous_6)
DA:10,3
DA:11,4
DA:13,7
DA:14,7
DA:15,4
DA:16,4
DA:48,0
DA:49,0
DA:57,0
LF:9
LH:6
BRDA:45,0,0,2
BRDA:45,0,1,2
BRF:2
BRH:2
end_of_record
TN:
SF:src\Components\Products.tsx
FN:19,(anonymous_0)
FN:20,(anonymous_1)
FN:23,(anonymous_2)
FN:29,(anonymous_3)
FNF:4
FNH:4
FNDA:5,(anonymous_0)
FNDA:2,(anonymous_1)
FNDA:5,(anonymous_2)
FNDA:4,(anonymous_3)
DA:19,3
DA:20,5
DA:21,5
DA:23,5
DA:24,5
DA:27,5
DA:29,4
DA:36,3
LF:8
LH:8
BRF:0
BRH:0
end_of_record
TN:
SF:src\Features\Cart\cartSlice.ts
FN:22,(anonymous_0)
FN:24,(anonymous_1)
FN:34,(anonymous_2)
FN:35,(anonymous_3)
FN:48,(anonymous_4)
FNF:5
FNH:3
FNDA:4,(anonymous_0)
FNDA:0,(anonymous_1)
FNDA:1,(anonymous_2)
FNDA:1,(anonymous_3)
FNDA:0,(anonymous_4)
DA:13,8
DA:18,8
DA:23,4
DA:24,4
DA:25,4
DA:26,4
DA:27,0
DA:29,4
DA:31,4
DA:32,4
DA:35,1
DA:36,1
DA:37,1
DA:38,1
DA:39,1
DA:40,1
DA:42,0
DA:44,1
DA:45,1
DA:49,0
DA:54,8
LF:21
LH:18
BRDA:26,0,0,0
BRDA:26,0,1,4
BRDA:36,1,0,1
BRDA:36,1,1,0
BRDA:39,2,0,1
BRDA:39,2,1,0
BRF:6
BRH:3
end_of_record
TN:
SF:src\Features\Product\productSlice.ts
FN:24,(anonymous_0)
FN:30,(anonymous_1)
FN:30,(anonymous_2)
FNF:3
FNH:3
FNDA:1,(anonymous_0)
FNDA:5,(anonymous_1)
FNDA:2,(anonymous_2)
DA:16,8
DA:20,8
DA:25,1
DA:30,8
DA:31,2
DA:32,2
DA:33,0
DA:34,0
DA:36,2
DA:40,8
LF:10
LH:8
BRF:0
BRH:0
end_of_record
TN:
SF:src\Screens\Cart.tsx
FN:6,(anonymous_0)
FN:7,(anonymous_1)
FNF:2
FNH:1
FNDA:1,(anonymous_0)
FNDA:0,(anonymous_1)
DA:6,1
DA:7,1
DA:9,1
DA:18,1
LF:4
LH:4
BRDA:11,0,0,1
BRDA:11,0,1,0
BRF:2
BRH:1
end_of_record
TN:
SF:src\Screens\Home.tsx
FN:7,(anonymous_0)
FN:19,(anonymous_1)
FNF:2
FNH:2
FNDA:2,(anonymous_0)
FNDA:1,(anonymous_1)
DA:7,1
DA:8,2
DA:10,2
DA:19,1
DA:30,1
LF:5
LH:5
BRF:0
BRH:0
end_of_record
TN:
SF:src\mocks\data.ts
FNF:0
FNH:0
DA:1,4
DA:6,4
LF:2
LH:2
BRF:0
BRH:0
end_of_record
